0 info it worked if it ends with ok
1 verbose cli [ 'C:\\Program Files (x86)\\Nodist\\v-x64\\8.11.2\\node.exe',
1 verbose cli   'C:\\Program Files (x86)\\Nodist\\npmv\\4.0.5\\bin\\npm-cli.js',
1 verbose cli   'start' ]
2 info using npm@4.0.5
3 info using node@v8.11.2
4 verbose run-script [ 'prestart', 'start', 'poststart' ]
5 info lifecycle chat-and-call@1.0.0~prestart: chat-and-call@1.0.0
6 warn lifecycle The node binary used for scripts is C:\Program Files (x86)\Nodist\bin\node.exe but npm is using C:\Program Files (x86)\Nodist\v-x64\8.11.2\node.exe itself. Use the `--scripts-prepend-node-path` option to include the path for the node binary npm was executed with.
7 silly lifecycle chat-and-call@1.0.0~prestart: no script for prestart, continuing
8 info lifecycle chat-and-call@1.0.0~start: chat-and-call@1.0.0
9 verbose lifecycle chat-and-call@1.0.0~start: unsafe-perm in lifecycle true
10 verbose lifecycle chat-and-call@1.0.0~start: PATH: C:\Program Files (x86)\Nodist\npmv\4.0.5\bin\node-gyp-bin;C:\Users\sou\app\chat-and-call\node_modules\.bin;C:\WINDOWS\system32;C:\WINDOWS;C:\WINDOWS\System32\Wbem;C:\WINDOWS\System32\WindowsPowerShell\v1.0\;C:\Program Files (x86)\Skype\Phone\;C:\Program Files\Git\cmd;C:\WINDOWS\system32;C:\WINDOWS;C:\WINDOWS\System32\Wbem;C:\WINDOWS\System32\WindowsPowerShell\v1.0\;C:\Program Files (x86)\Nodist\bin;C:\Users\sou\AppData\Local\Microsoft\WindowsApps;C:\Program Files\Heroku\bin;C:\Users\sou\AppData\Local\atom\bin;C:\Users\sou\AppData\Local\Microsoft\WindowsApps;
11 verbose lifecycle chat-and-call@1.0.0~start: CWD: C:\Users\sou\app\chat-and-call
12 silly lifecycle chat-and-call@1.0.0~start: Args: [ '/d /s /c', 'node app.js' ]
13 silly lifecycle chat-and-call@1.0.0~start: Returned: code: 1  signal: null
14 info lifecycle chat-and-call@1.0.0~start: Failed to exec start script
15 verbose stack Error: chat-and-call@1.0.0 start: `node app.js`
15 verbose stack Exit status 1
15 verbose stack     at EventEmitter.<anonymous> (C:\Program Files (x86)\Nodist\npmv\4.0.5\lib\utils\lifecycle.js:279:16)
15 verbose stack     at emitTwo (events.js:126:13)
15 verbose stack     at EventEmitter.emit (events.js:214:7)
15 verbose stack     at ChildProcess.<anonymous> (C:\Program Files (x86)\Nodist\npmv\4.0.5\lib\utils\spawn.js:40:14)
15 verbose stack     at emitTwo (events.js:126:13)
15 verbose stack     at ChildProcess.emit (events.js:214:7)
15 verbose stack     at maybeClose (internal/child_process.js:925:16)
15 verbose stack     at Process.ChildProcess._handle.onexit (internal/child_process.js:209:5)
16 verbose pkgid chat-and-call@1.0.0
17 verbose cwd C:\Users\sou\app\chat-and-call
18 error Windows_NT 10.0.16299
19 error argv "C:\\Program Files (x86)\\Nodist\\v-x64\\8.11.2\\node.exe" "C:\\Program Files (x86)\\Nodist\\npmv\\4.0.5\\bin\\npm-cli.js" "start"
20 error node v8.11.2
21 error npm  v4.0.5
22 error code ELIFECYCLE
23 error chat-and-call@1.0.0 start: `node app.js`
23 error Exit status 1
24 error Failed at the chat-and-call@1.0.0 start script 'node app.js'.
24 error Make sure you have the latest version of node.js and npm installed.
24 error If you do, this is most likely a problem with the chat-and-call package,
24 error not with npm itself.
24 error Tell the author that this fails on your system:
24 error     node app.js
24 error You can get information on how to open an issue for this project with:
24 error     npm bugs chat-and-call
24 error Or if that isn't available, you can get their info via:
24 error     npm owner ls chat-and-call
24 error There is likely additional logging output above.
25 verbose exit [ 1, true ]
